<?xml version="1.0" encoding="UTF-8"?>
<!-- Generated by org.testng.reporters.JUnitXMLReporter -->
<testsuite ignored="1" hostname="LAPTOP-NUS113PD" failures="0" tests="2" name="Test" time="0.08" errors="0" timestamp="2022-08-26T09:33:00 IST">
  <testcase classname="TestNG_Advantages.Disable_TC_using_Suite" name="TC1" time="0.011"/>
  <testcase classname="TestNG_Advantages.Disable_TC_using_Suite" name="TC3" time="0.003"/>
  <testcase classname="TestNG_Advantages.Disable_TC_using_Suite" name="TC2" time="0.0">
    <ignored/>
  </testcase> <!-- TC2 -->
</testsuite> <!-- Test -->
