<?xml version="1.0" encoding="UTF-8"?>
<testng-results ignored="0" total="2" passed="2" failed="0" skipped="0">
  <reporter-output>
  </reporter-output>
  <suite started-at="2022-08-26T16:31:40 IST" name="Suite" finished-at="2022-08-26T16:31:46 IST" duration-ms="6133">
    <groups>
    </groups>
    <test started-at="2022-08-26T16:31:40 IST" name="Test2" finished-at="2022-08-26T16:31:45 IST" duration-ms="5375">
      <class name="TestNG_Parallel_Testing.B">
        <test-method signature="TC1()[pri:0, instance:TestNG_Parallel_Testing.B@2dc54ad4]" started-at="2022-08-26T16:31:40 IST" name="TC1" finished-at="2022-08-26T16:31:45 IST" duration-ms="5333" status="PASS">
          <reporter-output>
          </reporter-output>
        </test-method> <!-- TC1 -->
      </class> <!-- TestNG_Parallel_Testing.B -->
    </test> <!-- Test2 -->
    <test started-at="2022-08-26T16:31:40 IST" name="Test1" finished-at="2022-08-26T16:31:46 IST" duration-ms="6133">
      <class name="TestNG_Parallel_Testing.A">
        <test-method signature="TC1()[pri:0, instance:TestNG_Parallel_Testing.A@3232a28a]" started-at="2022-08-26T16:31:40 IST" name="TC1" finished-at="2022-08-26T16:31:46 IST" duration-ms="6088" status="PASS">
          <reporter-output>
          </reporter-output>
        </test-method> <!-- TC1 -->
      </class> <!-- TestNG_Parallel_Testing.A -->
    </test> <!-- Test1 -->
  </suite> <!-- Suite -->
</testng-results>
